{"contracts/Raffle.sol":{"l":{"63":3,"64":3,"65":3,"66":3,"67":3,"68":3,"69":3,"70":3,"74":5,"75":4,"76":1,"78":3,"79":3,"93":1,"94":1,"95":1,"96":1,"97":1,"101":1,"102":1,"103":0,"105":1,"106":1,"113":1,"118":0,"119":0,"120":0,"121":0,"122":0,"123":0,"124":0,"125":0,"126":0,"128":0,"132":5,"136":1,"140":0,"144":1,"148":0,"152":0,"156":0,"160":0,"164":6},"path":"/Users/kieranwilliams/Programming/fcc-web3/hardhat-smartcontract-lottery-fcc/contracts/Raffle.sol","s":{"1":3,"2":3,"3":3,"4":3,"5":3,"6":3,"7":3,"8":3,"9":5,"10":4,"11":3,"12":3,"13":1,"14":1,"15":1,"16":1,"17":1,"18":1,"19":1,"20":1,"21":1,"22":1,"23":0,"24":0,"25":0,"26":0,"27":0,"28":0,"29":0,"30":0,"31":0,"32":5,"33":1,"34":0,"35":1,"36":0,"37":0,"38":0,"39":0,"40":6},"b":{"1":[1,4],"2":[1,3],"3":[0,1],"4":[0,0]},"f":{"1":3,"2":5,"3":1,"4":1,"5":0,"6":5,"7":1,"8":0,"9":1,"10":0,"11":0,"12":0,"13":0,"14":6},"fnMap":{"1":{"name":"constructor","line":62,"loc":{"start":{"line":55,"column":2},"end":{"line":71,"column":2}}},"2":{"name":"enterRaffle","line":73,"loc":{"start":{"line":73,"column":2},"end":{"line":80,"column":2}}},"3":{"name":"checkUpkeep","line":90,"loc":{"start":{"line":90,"column":2},"end":{"line":98,"column":2}}},"4":{"name":"performUpkeep","line":100,"loc":{"start":{"line":100,"column":2},"end":{"line":114,"column":2}}},"5":{"name":"fulfillRandomWords","line":116,"loc":{"start":{"line":116,"column":2},"end":{"line":129,"column":2}}},"6":{"name":"getEntranceFee","line":131,"loc":{"start":{"line":131,"column":2},"end":{"line":133,"column":2}}},"7":{"name":"getPlayer","line":135,"loc":{"start":{"line":135,"column":2},"end":{"line":137,"column":2}}},"8":{"name":"getRecentWinner","line":139,"loc":{"start":{"line":139,"column":2},"end":{"line":141,"column":2}}},"9":{"name":"getRaffleState","line":143,"loc":{"start":{"line":143,"column":2},"end":{"line":145,"column":2}}},"10":{"name":"getNumWords","line":147,"loc":{"start":{"line":147,"column":2},"end":{"line":149,"column":2}}},"11":{"name":"getNumberOfPlayers","line":151,"loc":{"start":{"line":151,"column":2},"end":{"line":153,"column":2}}},"12":{"name":"getLatestTimeStamp","line":155,"loc":{"start":{"line":155,"column":2},"end":{"line":157,"column":2}}},"13":{"name":"getRequestConfirmations","line":159,"loc":{"start":{"line":159,"column":2},"end":{"line":161,"column":2}}},"14":{"name":"getInterval","line":163,"loc":{"start":{"line":163,"column":2},"end":{"line":165,"column":2}}}},"statementMap":{"1":{"start":{"line":63,"column":4},"end":{"line":63,"column":30}},"2":{"start":{"line":64,"column":4},"end":{"line":64,"column":65}},"3":{"start":{"line":65,"column":4},"end":{"line":65,"column":22}},"4":{"start":{"line":66,"column":4},"end":{"line":66,"column":36}},"5":{"start":{"line":67,"column":4},"end":{"line":67,"column":40}},"6":{"start":{"line":68,"column":4},"end":{"line":68,"column":35}},"7":{"start":{"line":69,"column":4},"end":{"line":69,"column":36}},"8":{"start":{"line":70,"column":4},"end":{"line":70,"column":24}},"9":{"start":{"line":74,"column":4},"end":{"line":74,"column":73}},"10":{"start":{"line":75,"column":4},"end":{"line":75,"column":2433}},"11":{"start":{"line":78,"column":4},"end":{"line":78,"column":38}},"12":{"start":{"line":79,"column":4},"end":{"line":79,"column":32}},"13":{"start":{"line":93,"column":4},"end":{"line":93,"column":53}},"14":{"start":{"line":94,"column":4},"end":{"line":94,"column":72}},"15":{"start":{"line":95,"column":4},"end":{"line":95,"column":44}},"16":{"start":{"line":96,"column":4},"end":{"line":96,"column":47}},"17":{"start":{"line":97,"column":4},"end":{"line":97,"column":68}},"18":{"start":{"line":101,"column":4},"end":{"line":101,"column":43}},"19":{"start":{"line":102,"column":4},"end":{"line":102,"column":3500}},"20":{"start":{"line":105,"column":4},"end":{"line":105,"column":42}},"21":{"start":{"line":106,"column":4},"end":{"line":106,"column":3679}},"22":{"start":{"line":113,"column":4},"end":{"line":113,"column":41}},"23":{"start":{"line":118,"column":4},"end":{"line":118,"column":61}},"24":{"start":{"line":119,"column":4},"end":{"line":119,"column":59}},"25":{"start":{"line":120,"column":4},"end":{"line":120,"column":32}},"26":{"start":{"line":121,"column":4},"end":{"line":121,"column":35}},"27":{"start":{"line":122,"column":4},"end":{"line":122,"column":39}},"28":{"start":{"line":123,"column":4},"end":{"line":123,"column":36}},"29":{"start":{"line":124,"column":4},"end":{"line":124,"column":73}},"30":{"start":{"line":125,"column":4},"end":{"line":125,"column":4383}},"31":{"start":{"line":128,"column":4},"end":{"line":128,"column":35}},"32":{"start":{"line":132,"column":4},"end":{"line":132,"column":24}},"33":{"start":{"line":136,"column":4},"end":{"line":136,"column":27}},"34":{"start":{"line":140,"column":4},"end":{"line":140,"column":25}},"35":{"start":{"line":144,"column":4},"end":{"line":144,"column":24}},"36":{"start":{"line":148,"column":4},"end":{"line":148,"column":20}},"37":{"start":{"line":152,"column":4},"end":{"line":152,"column":27}},"38":{"start":{"line":156,"column":4},"end":{"line":156,"column":26}},"39":{"start":{"line":160,"column":4},"end":{"line":160,"column":32}},"40":{"start":{"line":164,"column":4},"end":{"line":164,"column":21}}},"branchMap":{"1":{"line":74,"type":"if","locations":[{"start":{"line":74,"column":4},"end":{"line":74,"column":4}},{"start":{"line":74,"column":4},"end":{"line":74,"column":4}}]},"2":{"line":75,"type":"if","locations":[{"start":{"line":75,"column":4},"end":{"line":75,"column":4}},{"start":{"line":75,"column":4},"end":{"line":75,"column":4}}]},"3":{"line":102,"type":"if","locations":[{"start":{"line":102,"column":4},"end":{"line":102,"column":4}},{"start":{"line":102,"column":4},"end":{"line":102,"column":4}}]},"4":{"line":125,"type":"if","locations":[{"start":{"line":125,"column":4},"end":{"line":125,"column":4}},{"start":{"line":125,"column":4},"end":{"line":125,"column":4}}]}}},"contracts/test/VRFCoordinatorV2Mock.sol":{"l":{},"path":"/Users/kieranwilliams/Programming/fcc-web3/hardhat-smartcontract-lottery-fcc/contracts/test/VRFCoordinatorV2Mock.sol","s":{},"b":{},"f":{},"fnMap":{},"statementMap":{},"branchMap":{}}}