TN:
SF:/Users/kieranwilliams/Programming/fcc-web3/hardhat-smartcontract-lottery-fcc/contracts/Raffle.sol
FN:62,constructor
FN:73,enterRaffle
FN:90,checkUpkeep
FN:100,performUpkeep
FN:116,fulfillRandomWords
FN:131,getEntranceFee
FN:135,getPlayer
FN:139,getRecentWinner
FN:143,getRaffleState
FN:147,getNumWords
FN:151,getNumberOfPlayers
FN:155,getLatestTimeStamp
FN:159,getRequestConfirmations
FN:163,getInterval
FNF:14
FNH:8
FNDA:3,constructor
FNDA:5,enterRaffle
FNDA:1,checkUpkeep
FNDA:1,performUpkeep
FNDA:0,fulfillRandomWords
FNDA:5,getEntranceFee
FNDA:1,getPlayer
FNDA:0,getRecentWinner
FNDA:1,getRaffleState
FNDA:0,getNumWords
FNDA:0,getNumberOfPlayers
FNDA:0,getLatestTimeStamp
FNDA:0,getRequestConfirmations
FNDA:6,getInterval
DA:63,3
DA:64,3
DA:65,3
DA:66,3
DA:67,3
DA:68,3
DA:69,3
DA:70,3
DA:74,5
DA:75,4
DA:76,1
DA:78,3
DA:79,3
DA:93,1
DA:94,1
DA:95,1
DA:96,1
DA:97,1
DA:101,1
DA:102,1
DA:103,0
DA:105,1
DA:106,1
DA:113,1
DA:118,0
DA:119,0
DA:120,0
DA:121,0
DA:122,0
DA:123,0
DA:124,0
DA:125,0
DA:126,0
DA:128,0
DA:132,5
DA:136,1
DA:140,0
DA:144,1
DA:148,0
DA:152,0
DA:156,0
DA:160,0
DA:164,6
LF:43
LH:27
BRDA:74,1,0,1
BRDA:74,1,1,4
BRDA:75,2,0,1
BRDA:75,2,1,3
BRDA:102,3,0,0
BRDA:102,3,1,1
BRDA:125,4,0,0
BRDA:125,4,1,0
BRF:8
BRH:5
end_of_record
TN:
SF:/Users/kieranwilliams/Programming/fcc-web3/hardhat-smartcontract-lottery-fcc/contracts/test/VRFCoordinatorV2Mock.sol
FNF:0
FNH:0
LF:0
LH:0
BRF:0
BRH:0
end_of_record
